<?xml version="1.0" encoding="UTF-8"?>
<!-- Generated by org.testng.reporters.JUnitReportReporter -->
<testsuite hostname="Adda247s-MacBook-Pro-2.local" failures="0" tests="1" name="test_scripts.HomePageTest" time="36.967" errors="0" timestamp="2022-07-05T23:07:38 IST" skipped="0">
  <testcase classname="test_scripts.HomePageTest" name="verifySearchCourse" time="36.967"/>
  <system-out/>
</testsuite> <!-- test_scripts.HomePageTest -->
