<?xml version="1.0" encoding="UTF-8"?>
<!-- Generated by org.testng.reporters.JUnitReportReporter -->
<testsuite hostname="Adda247s-MacBook-Pro-2.local" failures="0" tests="1" name="test_scripts.LoginTest" time="185.523" errors="0" timestamp="2022-06-23T23:17:58 IST" skipped="0">
  <testcase classname="test_scripts.LoginTest" name="verifyUserSignUp" time="185.523"/>
  <system-out/>
</testsuite> <!-- test_scripts.LoginTest -->
